::1 - - [05/Mar/2024:21:49:12 +0300] "-" 408 -
::1 - - [05/Mar/2024:21:50:58 +0300] "-" 408 -
::1 - - [05/Mar/2024:21:54:34 +0300] "-" 408 -
::1 - - [05/Mar/2024:21:58:51 +0300] "GET /index.php HTTP/1.1" 200 12
::1 - - [05/Mar/2024:21:58:51 +0300] "GET /index.php HTTP/1.1" 200 12
::1 - - [05/Mar/2024:21:58:51 +0300] "GET /favicon.ico HTTP/1.1" 404 196
::1 - - [05/Mar/2024:21:59:24 +0300] "GET /index.php HTTP/1.1" 200 12
::1 - - [05/Mar/2024:21:59:24 +0300] "GET /index.php HTTP/1.1" 200 12
::1 - - [05/Mar/2024:21:59:42 +0300] "GET /index.php HTTP/1.1" 200 5
::1 - - [05/Mar/2024:21:59:42 +0300] "GET /index.php HTTP/1.1" 200 5
::1 - - [05/Mar/2024:22:00:21 +0300] "GET /index.php HTTP/1.1" 200 12
::1 - - [05/Mar/2024:22:00:21 +0300] "GET /index.php HTTP/1.1" 200 12
::1 - - [05/Mar/2024:22:00:43 +0300] "GET /index.php HTTP/1.1" 200 15
::1 - - [05/Mar/2024:22:00:43 +0300] "GET /index.php HTTP/1.1" 200 15
::1 - - [05/Mar/2024:22:01:43 +0300] "-" 408 -
::1 - - [05/Mar/2024:22:02:15 +0300] "GET /index.php HTTP/1.1" 200 53
::1 - - [05/Mar/2024:22:02:15 +0300] "GET /index.php HTTP/1.1" 200 53
::1 - - [05/Mar/2024:22:03:15 +0300] "-" 408 -
::1 - - [05/Mar/2024:22:05:55 +0300] "GET /index.php HTTP/1.1" 200 922
::1 - - [05/Mar/2024:22:05:55 +0300] "GET /index.php HTTP/1.1" 200 922
::1 - - [05/Mar/2024:22:06:14 +0300] "POST /index.php HTTP/1.1" 200 215
::1 - - [05/Mar/2024:22:06:14 +0300] "GET /index.php HTTP/1.1" 200 922
::1 - - [05/Mar/2024:22:07:14 +0300] "-" 408 -
::1 - - [05/Mar/2024:22:07:16 +0300] "POST /index.php HTTP/1.1" 200 959
::1 - - [05/Mar/2024:22:07:16 +0300] "GET /index.php HTTP/1.1" 200 922
::1 - - [05/Mar/2024:22:08:16 +0300] "-" 408 -
::1 - - [05/Mar/2024:22:09:17 +0300] "GET /index.php HTTP/1.1" 200 912
::1 - - [05/Mar/2024:22:09:17 +0300] "GET /index.php HTTP/1.1" 200 912
::1 - - [05/Mar/2024:22:09:28 +0300] "POST /index.php HTTP/1.1" 200 965
::1 - - [05/Mar/2024:22:09:28 +0300] "GET /index.php HTTP/1.1" 200 912
::1 - - [05/Mar/2024:22:10:28 +0300] "-" 408 -
::1 - - [05/Mar/2024:22:13:19 +0300] "GET /index.php HTTP/1.1" 200 912
::1 - - [05/Mar/2024:22:13:19 +0300] "GET /index.php HTTP/1.1" 200 912
::1 - - [05/Mar/2024:22:14:19 +0300] "-" 408 -
::1 - - [05/Mar/2024:23:40:00 +0300] "GET /index.php HTTP/1.1" 200 922
::1 - - [05/Mar/2024:23:40:01 +0300] "GET /index.php HTTP/1.1" 200 922
::1 - - [05/Mar/2024:23:40:07 +0300] "GET /test.php HTTP/1.1" 200 599
::1 - - [05/Mar/2024:23:40:07 +0300] "GET /test.php HTTP/1.1" 200 599
::1 - - [05/Mar/2024:23:41:07 +0300] "-" 408 -
::1 - - [06/Mar/2024:09:01:25 +0300] "GET /index.php HTTP/1.1" 200 922
::1 - - [06/Mar/2024:09:01:25 +0300] "GET /index.php HTTP/1.1" 200 922
::1 - - [06/Mar/2024:09:01:40 +0300] "GET /index.php HTTP/1.1" 200 922
::1 - - [06/Mar/2024:09:01:40 +0300] "GET /favicon.ico HTTP/1.1" 404 196
::1 - - [06/Mar/2024:09:01:50 +0300] "GET /test.php HTTP/1.1" 200 599
::1 - - [06/Mar/2024:09:07:35 +0300] "GET /index.php HTTP/1.1" 200 922
::1 - - [06/Mar/2024:09:07:35 +0300] "GET /favicon.ico HTTP/1.1" 404 196
::1 - - [06/Mar/2024:09:07:36 +0300] "GET /index.php HTTP/1.1" 200 922
::1 - - [06/Mar/2024:09:08:35 +0300] "-" 408 -
::1 - - [06/Mar/2024:09:08:36 +0300] "GET /index.php HTTP/1.1" 200 922
::1 - - [06/Mar/2024:09:08:36 +0300] "GET /index.php HTTP/1.1" 200 922
::1 - - [06/Mar/2024:09:09:26 +0300] "GET /index.php HTTP/1.1" 200 922
::1 - - [06/Mar/2024:09:09:27 +0300] "GET /index.php HTTP/1.1" 200 922
::1 - - [06/Mar/2024:09:09:30 +0300] "GET /index.php HTTP/1.1" 200 922
::1 - - [06/Mar/2024:09:09:30 +0300] "GET /index.php HTTP/1.1" 200 922
::1 - - [06/Mar/2024:09:09:38 +0300] "GET /test.php HTTP/1.1" 200 599
::1 - - [06/Mar/2024:09:09:38 +0300] "GET /test.php HTTP/1.1" 200 599
::1 - - [06/Mar/2024:09:10:38 +0300] "-" 408 -
::1 - - [06/Mar/2024:09:34:37 +0300] "GET /index.php HTTP/1.1" 200 383
::1 - - [06/Mar/2024:09:34:38 +0300] "GET /index.php HTTP/1.1" 200 383
::1 - - [06/Mar/2024:09:34:38 +0300] "GET /index.php HTTP/1.1" 200 383
::1 - - [06/Mar/2024:09:35:38 +0300] "-" 408 -
::1 - - [06/Mar/2024:09:40:05 +0300] "GET /index.php HTTP/1.1" 200 383
::1 - - [06/Mar/2024:09:40:05 +0300] "GET /index.php HTTP/1.1" 200 383
::1 - - [06/Mar/2024:09:40:07 +0300] "GET /index.php HTTP/1.1" 200 383
::1 - - [06/Mar/2024:09:40:07 +0300] "GET /index.php HTTP/1.1" 200 383
::1 - - [06/Mar/2024:09:40:07 +0300] "GET /index.php HTTP/1.1" 200 383
::1 - - [06/Mar/2024:09:40:07 +0300] "GET /index.php HTTP/1.1" 200 383
::1 - - [06/Mar/2024:09:41:05 +0300] "-" 408 -
::1 - - [06/Mar/2024:09:41:51 +0300] "GET /index.php HTTP/1.1" 200 383
::1 - - [06/Mar/2024:09:41:51 +0300] "GET /index.php HTTP/1.1" 200 383
::1 - - [06/Mar/2024:09:41:51 +0300] "GET /index.php HTTP/1.1" 200 383
::1 - - [06/Mar/2024:09:41:51 +0300] "GET /index.php HTTP/1.1" 200 383
::1 - - [06/Mar/2024:09:41:51 +0300] "GET /index.php HTTP/1.1" 200 383
::1 - - [06/Mar/2024:09:41:51 +0300] "GET /index.php HTTP/1.1" 200 383
::1 - - [06/Mar/2024:09:41:51 +0300] "GET /index.php HTTP/1.1" 200 383
::1 - - [06/Mar/2024:09:41:51 +0300] "GET /index.php HTTP/1.1" 200 383
::1 - - [06/Mar/2024:09:41:58 +0300] "GET /test.php HTTP/1.1" 200 246
::1 - - [06/Mar/2024:09:41:58 +0300] "GET /test.php HTTP/1.1" 200 246
::1 - - [06/Mar/2024:09:42:13 +0300] "GET /index.php HTTP/1.1" 200 383
::1 - - [06/Mar/2024:09:42:13 +0300] "GET /index.php HTTP/1.1" 200 383
::1 - - [06/Mar/2024:09:43:13 +0300] "-" 408 -
::1 - - [06/Mar/2024:15:05:05 +0300] "GET /index.php HTTP/1.1" 200 383
::1 - - [06/Mar/2024:15:05:05 +0300] "GET /favicon.ico HTTP/1.1" 404 196
::1 - - [06/Mar/2024:15:05:05 +0300] "GET /index.php HTTP/1.1" 200 383
::1 - - [06/Mar/2024:15:05:14 +0300] "GET /test.php HTTP/1.1" 200 246
::1 - - [06/Mar/2024:15:05:14 +0300] "GET /test.php HTTP/1.1" 200 246
::1 - - [06/Mar/2024:15:05:23 +0300] "GET /index.php HTTP/1.1" 200 383
::1 - - [06/Mar/2024:15:05:23 +0300] "GET /index.php HTTP/1.1" 200 383
::1 - - [06/Mar/2024:15:05:32 +0300] "POST /display.php HTTP/1.1" 404 196
::1 - - [06/Mar/2024:15:05:32 +0300] "GET /display.php HTTP/1.1" 404 196
::1 - - [06/Mar/2024:15:06:05 +0300] "GET /test.php HTTP/1.1" 200 246
::1 - - [06/Mar/2024:15:06:06 +0300] "GET /test.php HTTP/1.1" 200 246
::1 - - [06/Mar/2024:15:06:06 +0300] "GET /index.php HTTP/1.1" 200 381
::1 - - [06/Mar/2024:15:06:06 +0300] "GET /index.php HTTP/1.1" 200 381
::1 - - [06/Mar/2024:15:07:06 +0300] "-" 408 -
::1 - - [06/Mar/2024:20:29:34 +0300] "GET /index.php HTTP/1.1" 200 363
::1 - - [06/Mar/2024:20:29:35 +0300] "GET /index.php HTTP/1.1" 200 363
::1 - - [06/Mar/2024:20:29:35 +0300] "GET /index.php HTTP/1.1" 200 363
::1 - - [06/Mar/2024:20:29:42 +0300] "POST /test.php HTTP/1.1" 200 33
::1 - - [06/Mar/2024:20:29:42 +0300] "GET /test.php HTTP/1.1" 200 246
::1 - - [06/Mar/2024:20:30:42 +0300] "-" 408 -
::1 - - [06/Mar/2024:20:32:44 +0300] "GET /index.php HTTP/1.1" 200 365
::1 - - [06/Mar/2024:20:32:44 +0300] "GET /index.php HTTP/1.1" 200 365
::1 - - [06/Mar/2024:20:33:44 +0300] "-" 408 -
::1 - - [06/Mar/2024:20:33:55 +0300] "GET /index.php HTTP/1.1" 200 337
::1 - - [06/Mar/2024:20:33:55 +0300] "GET /index.php HTTP/1.1" 200 337
::1 - - [06/Mar/2024:20:33:56 +0300] "GET /index.php HTTP/1.1" 200 337
::1 - - [06/Mar/2024:20:33:56 +0300] "GET /index.php HTTP/1.1" 200 337
::1 - - [06/Mar/2024:20:33:57 +0300] "GET /index.php HTTP/1.1" 200 337
::1 - - [06/Mar/2024:20:33:57 +0300] "GET /index.php HTTP/1.1" 200 337
::1 - - [06/Mar/2024:20:33:57 +0300] "GET /index.php HTTP/1.1" 200 337
::1 - - [06/Mar/2024:20:33:57 +0300] "GET /index.php HTTP/1.1" 200 337
::1 - - [06/Mar/2024:20:34:55 +0300] "-" 408 -
::1 - - [06/Mar/2024:20:38:11 +0300] "GET /index.php HTTP/1.1" 200 370
::1 - - [06/Mar/2024:20:38:11 +0300] "GET /index.php HTTP/1.1" 200 370
::1 - - [06/Mar/2024:20:38:12 +0300] "GET /index.php HTTP/1.1" 200 370
::1 - - [06/Mar/2024:20:38:12 +0300] "GET /index.php HTTP/1.1" 200 370
::1 - - [06/Mar/2024:20:38:12 +0300] "GET /index.php HTTP/1.1" 200 370
::1 - - [06/Mar/2024:20:38:12 +0300] "GET /index.php HTTP/1.1" 200 370
::1 - - [06/Mar/2024:20:38:40 +0300] "GET /index.php HTTP/1.1" 200 375
::1 - - [06/Mar/2024:20:38:40 +0300] "GET /index.php HTTP/1.1" 200 375
::1 - - [06/Mar/2024:20:38:41 +0300] "GET /index.php HTTP/1.1" 200 375
::1 - - [06/Mar/2024:20:38:41 +0300] "GET /index.php HTTP/1.1" 200 375
::1 - - [06/Mar/2024:20:38:41 +0300] "GET /index.php HTTP/1.1" 200 375
::1 - - [06/Mar/2024:20:38:41 +0300] "GET /index.php HTTP/1.1" 200 375
::1 - - [06/Mar/2024:20:38:41 +0300] "GET /index.php HTTP/1.1" 200 375
::1 - - [06/Mar/2024:20:38:42 +0300] "GET /index.php HTTP/1.1" 200 375
::1 - - [06/Mar/2024:20:38:42 +0300] "GET /index.php HTTP/1.1" 200 375
::1 - - [06/Mar/2024:20:38:42 +0300] "GET /index.php HTTP/1.1" 200 375
::1 - - [06/Mar/2024:20:38:42 +0300] "GET /index.php HTTP/1.1" 200 375
::1 - - [06/Mar/2024:20:38:42 +0300] "GET /index.php HTTP/1.1" 200 375
::1 - - [06/Mar/2024:20:39:40 +0300] "-" 408 -
::1 - - [06/Mar/2024:20:39:59 +0300] "GET /index.php HTTP/1.1" 200 375
::1 - - [06/Mar/2024:20:40:00 +0300] "GET /index.php HTTP/1.1" 200 375
::1 - - [06/Mar/2024:20:40:00 +0300] "GET /index.php HTTP/1.1" 200 375
::1 - - [06/Mar/2024:20:40:00 +0300] "GET /index.php HTTP/1.1" 200 375
::1 - - [06/Mar/2024:20:40:00 +0300] "GET /index.php HTTP/1.1" 200 375
::1 - - [06/Mar/2024:20:40:00 +0300] "GET /index.php HTTP/1.1" 200 375
::1 - - [06/Mar/2024:20:40:00 +0300] "GET /index.php HTTP/1.1" 200 375
::1 - - [06/Mar/2024:20:40:00 +0300] "GET /index.php HTTP/1.1" 200 375
::1 - - [06/Mar/2024:20:40:59 +0300] "-" 408 -
::1 - - [06/Mar/2024:20:44:59 +0300] "POST /test.php HTTP/1.1" 200 36
::1 - - [06/Mar/2024:20:44:59 +0300] "GET /test.php HTTP/1.1" 200 246
::1 - - [06/Mar/2024:20:45:59 +0300] "-" 408 -
::1 - - [06/Mar/2024:20:46:20 +0300] "GET /index.php HTTP/1.1" 200 383
::1 - - [06/Mar/2024:20:46:20 +0300] "GET /index.php HTTP/1.1" 200 383
::1 - - [06/Mar/2024:21:30:56 +0300] "GET /index.php HTTP/1.1" 200 437
::1 - - [06/Mar/2024:21:30:56 +0300] "GET /index.php HTTP/1.1" 200 437
::1 - - [06/Mar/2024:21:30:57 +0300] "GET /index.php HTTP/1.1" 200 437
::1 - - [06/Mar/2024:21:31:56 +0300] "-" 408 -
::1 - - [06/Mar/2024:21:47:01 +0300] "GET /index.php HTTP/1.1" 200 588
::1 - - [06/Mar/2024:21:47:01 +0300] "GET /index.php HTTP/1.1" 200 588
::1 - - [06/Mar/2024:21:47:28 +0300] "POST /login.php HTTP/1.1" 200 48
::1 - - [06/Mar/2024:21:47:28 +0300] "GET /login.php HTTP/1.1" 200 463
::1 - - [06/Mar/2024:21:47:59 +0300] "POST /login.php HTTP/1.1" 200 49
::1 - - [06/Mar/2024:21:47:59 +0300] "GET /login.php HTTP/1.1" 200 464
::1 - - [06/Mar/2024:21:48:59 +0300] "-" 408 -
::1 - - [07/Mar/2024:02:53:12 +0300] "GET /index.php HTTP/1.1" 200 588
::1 - - [07/Mar/2024:02:53:12 +0300] "GET /favicon.ico HTTP/1.1" 404 196
::1 - - [07/Mar/2024:02:54:12 +0300] "-" 408 -
::1 - - [07/Mar/2024:02:56:18 +0300] "GET /test1.php HTTP/1.1" 200 585
::1 - - [07/Mar/2024:02:56:29 +0300] "GET /test1.php HTTP/1.1" 200 506
::1 - - [07/Mar/2024:02:57:29 +0300] "-" 408 -
::1 - - [07/Mar/2024:17:45:59 +0300] "GET /index.php HTTP/1.1" 200 588
::1 - - [07/Mar/2024:17:46:13 +0300] "POST /login.php HTTP/1.1" 200 43
::1 - - [07/Mar/2024:17:46:36 +0300] "GET /test1.php HTTP/1.1" 200 506
::1 - - [07/Mar/2024:17:47:36 +0300] "-" 408 -
::1 - - [09/Mar/2024:23:20:08 +0300] "GET /index.php HTTP/1.1" 200 589
::1 - - [09/Mar/2024:23:20:09 +0300] "GET /index.php HTTP/1.1" 200 589
::1 - - [09/Mar/2024:23:20:09 +0300] "GET /index.php HTTP/1.1" 200 589
::1 - - [09/Mar/2024:23:20:10 +0300] "GET /index.php HTTP/1.1" 200 589
::1 - - [09/Mar/2024:23:20:18 +0300] "POST /index2.php HTTP/1.1" 200 34
::1 - - [09/Mar/2024:23:20:18 +0300] "GET /index2.php HTTP/1.1" 200 468
::1 - - [09/Mar/2024:23:21:18 +0300] "-" 408 -
::1 - - [10/Mar/2024:00:04:18 +0300] "GET /login.php HTTP/1.1" 200 83
::1 - - [10/Mar/2024:00:04:18 +0300] "GET /login.php HTTP/1.1" 200 83
::1 - - [10/Mar/2024:00:05:18 +0300] "-" 408 -
::1 - - [10/Mar/2024:00:05:23 +0300] "GET /login.php HTTP/1.1" 200 83
::1 - - [10/Mar/2024:00:05:23 +0300] "GET /login.php HTTP/1.1" 200 83
::1 - - [10/Mar/2024:00:05:24 +0300] "GET /login.php HTTP/1.1" 200 83
::1 - - [10/Mar/2024:00:05:24 +0300] "GET /login.php HTTP/1.1" 200 83
::1 - - [10/Mar/2024:00:05:25 +0300] "GET /login.php HTTP/1.1" 200 83
::1 - - [10/Mar/2024:00:05:25 +0300] "GET /login.php HTTP/1.1" 200 83
::1 - - [10/Mar/2024:00:05:25 +0300] "GET /login.php HTTP/1.1" 200 83
::1 - - [10/Mar/2024:00:05:25 +0300] "GET /login.php HTTP/1.1" 200 83
::1 - - [10/Mar/2024:00:05:45 +0300] "GET /index.php HTTP/1.1" 200 588
::1 - - [10/Mar/2024:00:05:45 +0300] "GET /index.php HTTP/1.1" 200 588
::1 - - [10/Mar/2024:00:05:47 +0300] "GET /index2.php HTTP/1.1" 200 74285
::1 - - [10/Mar/2024:00:05:47 +0300] "GET /index2.php HTTP/1.1" 200 72325
::1 - - [10/Mar/2024:00:06:47 +0300] "-" 408 -
::1 - - [10/Mar/2024:00:07:53 +0300] "GET /login.php HTTP/1.1" 200 82241
::1 - - [10/Mar/2024:00:07:54 +0300] "GET /login.php HTTP/1.1" 200 80280
::1 - - [10/Mar/2024:00:08:05 +0300] "GET /login.php HTTP/1.1" 200 145
::1 - - [10/Mar/2024:00:08:06 +0300] "GET /login.php HTTP/1.1" 200 145
::1 - - [10/Mar/2024:00:08:20 +0300] "GET /login.php HTTP/1.1" 200 29
::1 - - [10/Mar/2024:00:08:20 +0300] "GET /login.php HTTP/1.1" 200 29
::1 - - [10/Mar/2024:00:09:20 +0300] "-" 408 -
::1 - - [10/Mar/2024:00:17:19 +0300] "GET /index.php HTTP/1.1" 200 588
::1 - - [10/Mar/2024:00:17:19 +0300] "GET /index.php HTTP/1.1" 200 588
::1 - - [10/Mar/2024:00:17:19 +0300] "GET /favicon.ico HTTP/1.1" 404 196
::1 - - [10/Mar/2024:00:32:06 +0300] "GET /index.php HTTP/1.1" 200 588
::1 - - [10/Mar/2024:00:32:10 +0300] "GET /login.php HTTP/1.1" 200 58
::1 - - [10/Mar/2024:00:32:10 +0300] "GET /login.php HTTP/1.1" 200 58
::1 - - [10/Mar/2024:00:33:10 +0300] "-" 408 -
::1 - - [10/Mar/2024:00:38:06 +0300] "GET /index.php HTTP/1.1" 200 588
::1 - - [10/Mar/2024:00:38:09 +0300] "GET /login.php HTTP/1.1" 200 141
::1 - - [10/Mar/2024:00:38:09 +0300] "GET /login.php HTTP/1.1" 200 141
::1 - - [10/Mar/2024:00:38:22 +0300] "GET /login.php HTTP/1.1" 200 58
::1 - - [10/Mar/2024:00:38:22 +0300] "GET /login.php HTTP/1.1" 200 58
::1 - - [10/Mar/2024:00:38:51 +0300] "GET /login.php HTTP/1.1" 200 115
::1 - - [10/Mar/2024:00:38:51 +0300] "GET /login.php HTTP/1.1" 200 115
::1 - - [10/Mar/2024:00:39:51 +0300] "-" 408 -
::1 - - [10/Mar/2024:18:10:55 +0300] "GET /index.php HTTP/1.1" 200 588
::1 - - [11/Mar/2024:12:50:50 +0300] "GET /login.php HTTP/1.1" 200 115
::1 - - [11/Mar/2024:12:50:50 +0300] "GET /favicon.ico HTTP/1.1" 404 196
::1 - - [11/Mar/2024:12:51:50 +0300] "-" 408 -
::1 - - [11/Mar/2024:12:56:37 +0300] "GET /login.php HTTP/1.1" 200 216
::1 - - [11/Mar/2024:12:57:37 +0300] "-" 408 -
::1 - - [11/Mar/2024:12:59:41 +0300] "GET /login.php HTTP/1.1" 200 461
::1 - - [11/Mar/2024:13:00:41 +0300] "-" 408 -
::1 - - [11/Mar/2024:13:00:47 +0300] "GET /login.php HTTP/1.1" 200 461
::1 - - [11/Mar/2024:13:01:47 +0300] "-" 408 -
::1 - - [11/Mar/2024:13:02:21 +0300] "GET /login.php HTTP/1.1" 200 461
::1 - - [11/Mar/2024:13:03:21 +0300] "-" 408 -
::1 - - [11/Mar/2024:13:08:40 +0300] "GET /login.php HTTP/1.1" 200 91
::1 - - [11/Mar/2024:13:08:55 +0300] "GET /login.php HTTP/1.1" 200 -
::1 - - [11/Mar/2024:13:08:58 +0300] "GET /login.php HTTP/1.1" 200 -
::1 - - [11/Mar/2024:13:09:55 +0300] "-" 408 -
::1 - - [11/Mar/2024:13:12:42 +0300] "GET /login.php HTTP/1.1" 200 208
::1 - - [11/Mar/2024:13:13:38 +0300] "GET /login.php HTTP/1.1" 200 120
::1 - - [11/Mar/2024:13:14:38 +0300] "-" 408 -
::1 - - [11/Mar/2024:13:16:49 +0300] "GET /login.php HTTP/1.1" 200 -
::1 - - [11/Mar/2024:13:16:53 +0300] "GET /login.php HTTP/1.1" 200 -
::1 - - [11/Mar/2024:13:17:49 +0300] "-" 408 -
::1 - - [11/Mar/2024:13:42:45 +0300] "GET /index.php HTTP/1.1" 200 588
::1 - - [11/Mar/2024:13:42:47 +0300] "GET /login.php HTTP/1.1" 200 -
::1 - - [11/Mar/2024:13:42:47 +0300] "GET /login.php HTTP/1.1" 200 -
::1 - - [11/Mar/2024:13:42:47 +0300] "GET /favicon.ico HTTP/1.1" 404 196
::1 - - [11/Mar/2024:13:43:07 +0300] "GET /login.php HTTP/1.1" 200 129
::1 - - [11/Mar/2024:13:43:07 +0300] "GET /login.php HTTP/1.1" 200 129
::1 - - [11/Mar/2024:14:24:20 +0300] "GET /login.php HTTP/1.1" 200 258
::1 - - [11/Mar/2024:14:24:20 +0300] "GET /login.php HTTP/1.1" 200 258
::1 - - [11/Mar/2024:14:24:53 +0300] "GET /login.php HTTP/1.1" 200 270
::1 - - [11/Mar/2024:14:24:53 +0300] "GET /login.php HTTP/1.1" 200 270
::1 - - [11/Mar/2024:14:25:20 +0300] "GET /login.php HTTP/1.1" 200 178
::1 - - [11/Mar/2024:14:25:20 +0300] "GET /login.php HTTP/1.1" 200 178
::1 - - [11/Mar/2024:14:25:32 +0300] "GET /login.php HTTP/1.1" 200 287
::1 - - [11/Mar/2024:14:25:32 +0300] "GET /login.php HTTP/1.1" 200 287
::1 - - [11/Mar/2024:14:25:55 +0300] "GET /login.php HTTP/1.1" 200 291
::1 - - [11/Mar/2024:14:25:55 +0300] "GET /login.php HTTP/1.1" 200 291
::1 - - [11/Mar/2024:14:26:55 +0300] "-" 408 -
::1 - - [11/Mar/2024:15:18:59 +0300] "GET /login.php HTTP/1.1" 200 328
::1 - - [11/Mar/2024:15:19:00 +0300] "GET /login.php HTTP/1.1" 200 328
::1 - - [11/Mar/2024:15:19:59 +0300] "-" 408 -
::1 - - [11/Mar/2024:15:42:49 +0300] "GET /login.php HTTP/1.1" 200 507
::1 - - [11/Mar/2024:15:42:50 +0300] "GET /login.php HTTP/1.1" 200 507
::1 - - [11/Mar/2024:15:43:49 +0300] "-" 408 -
::1 - - [11/Mar/2024:15:45:16 +0300] "GET /login.php HTTP/1.1" 200 291
::1 - - [11/Mar/2024:15:45:18 +0300] "GET /login.php HTTP/1.1" 200 291
::1 - - [11/Mar/2024:15:45:18 +0300] "GET /login.php HTTP/1.1" 200 419
::1 - - [11/Mar/2024:15:45:53 +0300] "GET /login.php HTTP/1.1" 200 483
::1 - - [11/Mar/2024:15:45:53 +0300] "GET /login.php HTTP/1.1" 200 483
::1 - - [11/Mar/2024:15:46:37 +0300] "GET /login.php HTTP/1.1" 200 419
::1 - - [11/Mar/2024:15:46:37 +0300] "GET /login.php HTTP/1.1" 200 419
::1 - - [11/Mar/2024:15:46:51 +0300] "GET /login.php HTTP/1.1" 200 355
::1 - - [11/Mar/2024:15:46:51 +0300] "GET /login.php HTTP/1.1" 200 355
::1 - - [11/Mar/2024:15:47:04 +0300] "GET /login.php HTTP/1.1" 200 291
::1 - - [11/Mar/2024:15:47:04 +0300] "GET /login.php HTTP/1.1" 200 291
::1 - - [11/Mar/2024:15:47:56 +0300] "GET /login.php HTTP/1.1" 200 365
::1 - - [11/Mar/2024:15:47:56 +0300] "GET /login.php HTTP/1.1" 200 439
::1 - - [11/Mar/2024:15:48:56 +0300] "-" 408 -
::1 - - [11/Mar/2024:15:56:46 +0300] "GET /delete.php HTTP/1.1" 404 196
::1 - - [11/Mar/2024:15:56:46 +0300] "GET /delete.php HTTP/1.1" 404 196
::1 - - [11/Mar/2024:15:56:55 +0300] "GET /login.php HTTP/1.1" 200 513
::1 - - [11/Mar/2024:15:56:56 +0300] "GET /login.php HTTP/1.1" 200 587
::1 - - [11/Mar/2024:15:56:57 +0300] "GET /login.php HTTP/1.1" 200 661
::1 - - [11/Mar/2024:15:56:58 +0300] "GET /login.php HTTP/1.1" 200 735
::1 - - [11/Mar/2024:15:57:53 +0300] "GET /index.php HTTP/1.1" 200 612
::1 - - [11/Mar/2024:15:57:53 +0300] "GET /index.php HTTP/1.1" 200 612
::1 - - [11/Mar/2024:15:58:53 +0300] "-" 408 -
::1 - - [11/Mar/2024:16:00:18 +0300] "GET /index.php HTTP/1.1" 200 803
::1 - - [11/Mar/2024:16:00:18 +0300] "GET /index.php HTTP/1.1" 200 803
::1 - - [11/Mar/2024:16:00:19 +0300] "GET /index.php HTTP/1.1" 200 803
::1 - - [11/Mar/2024:16:00:19 +0300] "GET /index.php HTTP/1.1" 200 803
::1 - - [11/Mar/2024:16:00:20 +0300] "GET /delete.php HTTP/1.1" 404 196
::1 - - [11/Mar/2024:16:00:20 +0300] "GET /delete.php HTTP/1.1" 404 196
::1 - - [11/Mar/2024:16:01:18 +0300] "-" 408 -
::1 - - [11/Mar/2024:16:03:07 +0300] "GET /delete.php HTTP/1.1" 404 196
::1 - - [11/Mar/2024:16:03:07 +0300] "GET /delete.php HTTP/1.1" 404 196
::1 - - [11/Mar/2024:16:03:08 +0300] "GET /delete.php HTTP/1.1" 404 196
::1 - - [11/Mar/2024:16:03:08 +0300] "GET /delete.php HTTP/1.1" 404 196
::1 - - [11/Mar/2024:16:03:08 +0300] "GET /delete.php HTTP/1.1" 404 196
::1 - - [11/Mar/2024:16:03:08 +0300] "GET /delete.php HTTP/1.1" 404 196
::1 - - [11/Mar/2024:16:03:11 +0300] "GET /delete.php HTTP/1.1" 404 196
::1 - - [11/Mar/2024:16:03:11 +0300] "GET /delete.php HTTP/1.1" 404 196
::1 - - [11/Mar/2024:16:03:12 +0300] "GET /delete.php HTTP/1.1" 404 196
::1 - - [11/Mar/2024:16:03:12 +0300] "GET /delete.php HTTP/1.1" 404 196
::1 - - [11/Mar/2024:16:04:01 +0300] "GET /delete.php HTTP/1.1" 404 196
::1 - - [11/Mar/2024:16:04:01 +0300] "GET /delete.php HTTP/1.1" 404 196
::1 - - [11/Mar/2024:16:04:02 +0300] "GET /delete.php HTTP/1.1" 404 196
::1 - - [11/Mar/2024:16:04:02 +0300] "GET /delete.php HTTP/1.1" 404 196
::1 - - [11/Mar/2024:16:04:02 +0300] "GET /delete.php HTTP/1.1" 404 196
::1 - - [11/Mar/2024:16:04:02 +0300] "GET /delete.php HTTP/1.1" 404 196
::1 - - [11/Mar/2024:16:04:02 +0300] "GET /delete.php HTTP/1.1" 404 196
::1 - - [11/Mar/2024:16:04:02 +0300] "GET /delete.php HTTP/1.1" 404 196
::1 - - [11/Mar/2024:16:05:01 +0300] "-" 408 -
::1 - - [11/Mar/2024:16:10:07 +0300] "GET /delete.php HTTP/1.1" 404 196
::1 - - [11/Mar/2024:16:10:08 +0300] "GET /delete.php HTTP/1.1" 404 196
::1 - - [11/Mar/2024:16:10:08 +0300] "GET /delete.php HTTP/1.1" 404 196
::1 - - [11/Mar/2024:16:10:08 +0300] "GET /delete.php HTTP/1.1" 404 196
::1 - - [11/Mar/2024:16:10:27 +0300] "GET /delete.php HTTP/1.1" 200 566
::1 - - [11/Mar/2024:16:10:27 +0300] "GET /delete.php HTTP/1.1" 200 566
::1 - - [11/Mar/2024:16:11:27 +0300] "-" 408 -
::1 - - [11/Mar/2024:16:11:56 +0300] "GET /delete.php HTTP/1.1" 200 346
::1 - - [11/Mar/2024:16:11:56 +0300] "GET /delete.php HTTP/1.1" 200 346
::1 - - [11/Mar/2024:16:12:56 +0300] "GET /delete.php HTTP/1.1" 200 346
::1 - - [11/Mar/2024:16:12:56 +0300] "GET /delete.php HTTP/1.1" 200 346
::1 - - [11/Mar/2024:16:12:57 +0300] "GET /delete.php HTTP/1.1" 200 346
::1 - - [11/Mar/2024:16:12:57 +0300] "GET /delete.php HTTP/1.1" 200 346
::1 - - [11/Mar/2024:16:13:56 +0300] "-" 408 -
::1 - - [11/Mar/2024:16:14:01 +0300] "GET /index.php HTTP/1.1" 200 803
::1 - - [11/Mar/2024:16:14:01 +0300] "GET /index.php HTTP/1.1" 200 803
::1 - - [11/Mar/2024:16:14:02 +0300] "GET /delete.php HTTP/1.1" 200 346
::1 - - [11/Mar/2024:16:14:02 +0300] "GET /delete.php HTTP/1.1" 200 346
::1 - - [11/Mar/2024:16:14:53 +0300] "POST /delete.php HTTP/1.1" 200 449
::1 - - [11/Mar/2024:16:14:53 +0300] "GET /delete.php HTTP/1.1" 200 346
::1 - - [11/Mar/2024:16:15:02 +0300] "POST /delete.php HTTP/1.1" 200 449
::1 - - [11/Mar/2024:16:15:02 +0300] "GET /delete.php HTTP/1.1" 200 346
::1 - - [11/Mar/2024:16:15:10 +0300] "POST /delete.php HTTP/1.1" 200 449
::1 - - [11/Mar/2024:16:15:10 +0300] "GET /delete.php HTTP/1.1" 200 346
::1 - - [11/Mar/2024:16:15:16 +0300] "POST /delete.php HTTP/1.1" 200 449
::1 - - [11/Mar/2024:16:15:16 +0300] "GET /delete.php HTTP/1.1" 200 346
::1 - - [11/Mar/2024:16:15:21 +0300] "POST /delete.php HTTP/1.1" 200 449
::1 - - [11/Mar/2024:16:15:21 +0300] "GET /delete.php HTTP/1.1" 200 346
::1 - - [11/Mar/2024:16:16:21 +0300] "-" 408 -
::1 - - [11/Mar/2024:16:17:34 +0300] "GET /index.php HTTP/1.1" 200 867
::1 - - [11/Mar/2024:16:17:34 +0300] "GET /index.php HTTP/1.1" 200 867
::1 - - [11/Mar/2024:16:17:35 +0300] "GET /core/user/controllers/delete.php HTTP/1.1" 200 843
::1 - - [11/Mar/2024:16:17:35 +0300] "GET /core/user/controllers/delete.php HTTP/1.1" 200 843
::1 - - [11/Mar/2024:16:18:04 +0300] "GET /core/user/controllers/delete.php HTTP/1.1" 200 843
::1 - - [11/Mar/2024:16:18:04 +0300] "GET /core/user/controllers/delete.php HTTP/1.1" 200 843
::1 - - [11/Mar/2024:16:18:05 +0300] "GET /core/user/controllers/delete.php HTTP/1.1" 200 843
::1 - - [11/Mar/2024:16:18:05 +0300] "GET /core/user/controllers/delete.php HTTP/1.1" 200 843
::1 - - [11/Mar/2024:16:18:05 +0300] "GET /core/user/controllers/delete.php HTTP/1.1" 200 843
::1 - - [11/Mar/2024:16:18:05 +0300] "GET /core/user/controllers/delete.php HTTP/1.1" 200 843
::1 - - [11/Mar/2024:16:20:52 +0300] "-" 408 -
::1 - - [11/Mar/2024:17:51:53 +0300] "GET /core/user/controllers/delete.php HTTP/1.1" 200 839
::1 - - [11/Mar/2024:17:51:53 +0300] "GET /core/user/controllers/delete.php HTTP/1.1" 200 839
::1 - - [11/Mar/2024:17:52:16 +0300] "GET /index.php HTTP/1.1" 200 -
::1 - - [11/Mar/2024:17:52:16 +0300] "GET /index.php HTTP/1.1" 200 -
::1 - - [11/Mar/2024:17:52:17 +0300] "GET /index.php HTTP/1.1" 200 -
::1 - - [11/Mar/2024:17:52:17 +0300] "GET /index.php HTTP/1.1" 200 -
::1 - - [11/Mar/2024:17:52:29 +0300] "GET /index1.php HTTP/1.1" 200 867
::1 - - [11/Mar/2024:17:52:29 +0300] "GET /index1.php HTTP/1.1" 200 867
::1 - - [11/Mar/2024:17:52:31 +0300] "GET /core/user/controllers/delete.php HTTP/1.1" 200 839
::1 - - [11/Mar/2024:17:52:31 +0300] "GET /core/user/controllers/delete.php HTTP/1.1" 200 839
::1 - - [11/Mar/2024:17:54:17 +0300] "POST /core/user/controllers/delete.php HTTP/1.1" 200 839
::1 - - [11/Mar/2024:17:54:17 +0300] "GET /core/user/controllers/delete.php HTTP/1.1" 200 839
::1 - - [11/Mar/2024:17:55:17 +0300] "-" 408 -
::1 - - [11/Mar/2024:17:57:35 +0300] "GET /index1.php HTTP/1.1" 200 867
::1 - - [11/Mar/2024:17:57:37 +0300] "GET /core/user/controllers/delete.php HTTP/1.1" 200 839
::1 - - [11/Mar/2024:17:58:35 +0300] "-" 408 -
::1 - - [11/Mar/2024:18:00:57 +0300] "GET /core/user/controllers/delete.php HTTP/1.1" 200 839
::1 - - [11/Mar/2024:18:00:57 +0300] "GET /core/user/controllers/delete.php HTTP/1.1" 200 839
::1 - - [11/Mar/2024:18:00:58 +0300] "GET /core/user/controllers/delete.php HTTP/1.1" 200 839
::1 - - [11/Mar/2024:18:00:58 +0300] "GET /core/user/controllers/delete.php HTTP/1.1" 200 839
::1 - - [11/Mar/2024:18:00:58 +0300] "GET /core/user/controllers/delete.php HTTP/1.1" 200 839
::1 - - [11/Mar/2024:18:00:58 +0300] "GET /core/user/controllers/delete.php HTTP/1.1" 200 839
::1 - - [11/Mar/2024:18:01:57 +0300] "-" 408 -
::1 - - [11/Mar/2024:18:06:27 +0300] "GET /index1.php HTTP/1.1" 200 845
::1 - - [11/Mar/2024:18:06:28 +0300] "GET /delete.php HTTP/1.1" 200 363
::1 - - [11/Mar/2024:18:07:27 +0300] "-" 408 -
::1 - - [11/Mar/2024:18:08:58 +0300] "GET /core/user/controllers/delete.php HTTP/1.1" 200 854
::1 - - [11/Mar/2024:18:08:58 +0300] "GET /core/user/controllers/delete.php HTTP/1.1" 200 854
::1 - - [11/Mar/2024:18:08:59 +0300] "GET /core/user/controllers/delete.php HTTP/1.1" 200 854
::1 - - [11/Mar/2024:18:08:59 +0300] "GET /core/user/controllers/delete.php HTTP/1.1" 200 854
::1 - - [11/Mar/2024:18:09:07 +0300] "GET /core/user/controllers/delete.php HTTP/1.1" 200 846
::1 - - [11/Mar/2024:18:09:07 +0300] "GET /core/user/controllers/delete.php HTTP/1.1" 200 846
::1 - - [11/Mar/2024:18:10:06 +0300] "GET /core/user/controllers/delete.php HTTP/1.1" 404 196
::1 - - [11/Mar/2024:18:10:06 +0300] "GET /core/user/controllers/delete.php HTTP/1.1" 404 196
::1 - - [11/Mar/2024:18:10:19 +0300] "GET /delete.php HTTP/1.1" 200 363
::1 - - [11/Mar/2024:18:10:19 +0300] "GET /delete.php HTTP/1.1" 200 363
::1 - - [11/Mar/2024:18:10:38 +0300] "GET /index.php HTTP/1.1" 200 -
::1 - - [11/Mar/2024:18:10:38 +0300] "GET /index.php HTTP/1.1" 200 -
::1 - - [11/Mar/2024:18:10:40 +0300] "GET /index1.php HTTP/1.1" 200 845
::1 - - [11/Mar/2024:18:10:40 +0300] "GET /index1.php HTTP/1.1" 200 845
::1 - - [11/Mar/2024:18:10:41 +0300] "GET /delete.php HTTP/1.1" 200 363
::1 - - [11/Mar/2024:18:10:41 +0300] "GET /delete.php HTTP/1.1" 200 363
::1 - - [11/Mar/2024:18:11:40 +0300] "-" 408 -
::1 - - [11/Mar/2024:18:25:25 +0300] "-" 408 -
::1 - - [11/Mar/2024:18:25:25 +0300] "-" 408 -
